#
# There is insufficient memory for the Java Runtime Environment to continue.
# Native memory allocation (mmap) failed to map 136314880 bytes for committing reserved memory.
# Possible reasons:
#   The system is out of physical RAM or swap space
#   In 32 bit mode, the process size limit was hit
# Possible solutions:
#   Reduce memory load on the system
#   Increase physical memory or swap space
#   Check if swap backing store is full
#   Use 64 bit Java on a 64 bit OS
#   Decrease Java heap size (-Xmx/-Xms)
#   Decrease number of Java threads
#   Decrease Java thread stack sizes (-Xss)
#   Set larger code cache with -XX:ReservedCodeCacheSize=
# This output file may be truncated or incomplete.
#
#  Out of Memory Error (os_linux.cpp:2627), pid=6824, tid=139623165138688
#
# JRE version: Java(TM) SE Runtime Environment (8.0_66-b17) (build 1.8.0_66-b17)
# Java VM: Java HotSpot(TM) 64-Bit Server VM (25.66-b17 mixed mode linux-amd64 compressed oops)
# Failed to write core dump. Core dumps have been disabled. To enable core dumping, try "ulimit -c unlimited" before starting Java again
#

---------------  T H R E A D  ---------------

Current thread (0x00007efca0076800):  VMThread [stack: 0x00007efc8d191000,0x00007efc8d292000] [id=6851]

Stack: [0x00007efc8d191000,0x00007efc8d292000],  sp=0x00007efc8d290120,  free space=1020k
Native frames: (J=compiled Java code, j=interpreted, Vv=VM code, C=native code)
V  [libjvm.so+0xab9a1a]  VMError::report_and_die()+0x2ba
V  [libjvm.so+0x4f9e0b]  report_vm_out_of_memory(char const*, int, unsigned long, VMErrorType, char const*)+0x8b
V  [libjvm.so+0x91a8a3]  os::Linux::commit_memory_impl(char*, unsigned long, bool)+0x103
V  [libjvm.so+0x91adf9]  os::pd_commit_memory(char*, unsigned long, unsigned long, bool)+0x29
V  [libjvm.so+0x91510a]  os::commit_memory(char*, unsigned long, unsigned long, bool)+0x2a
V  [libjvm.so+0x9887a3]  PSVirtualSpace::expand_by(unsigned long)+0x53
V  [libjvm.so+0x989ba8]  PSYoungGen::resize_generation(unsigned long, unsigned long)+0xf8
V  [libjvm.so+0x988d02]  PSYoungGen::resize(unsigned long, unsigned long)+0x22
V  [libjvm.so+0x985fdb]  PSScavenge::invoke_no_policy()+0xf3b
V  [libjvm.so+0x986761]  PSScavenge::invoke()+0x41
V  [libjvm.so+0x93e500]  ParallelScavengeHeap::failed_mem_allocate(unsigned long)+0x70
V  [libjvm.so+0xabb437]  VM_ParallelGCFailedAllocation::doit()+0x97
V  [libjvm.so+0xac2e65]  VM_Operation::evaluate()+0x55
V  [libjvm.so+0xac123a]  VMThread::evaluate_operation(VM_Operation*)+0xba
V  [libjvm.so+0xac15be]  VMThread::loop()+0x1ce
V  [libjvm.so+0xac1a30]  VMThread::run()+0x70
V  [libjvm.so+0x91cc68]  java_start(Thread*)+0x108

VM_Operation (0x00007efca7305e40): ParallelGCFailedAllocation, mode: safepoint, requested by thread 0x00007efca0008800


---------------  P R O C E S S  ---------------

Java Threads: ( => current thread )
  0x00007efca00be800 JavaThread "Service Thread" daemon [_thread_blocked, id=6886, stack(0x00007efc8c003000,0x00007efc8c104000)]
  0x00007efca00b9800 JavaThread "C1 CompilerThread2" daemon [_thread_blocked, id=6885, stack(0x00007efc8c104000,0x00007efc8c205000)]
  0x00007efca00b7800 JavaThread "C2 CompilerThread1" daemon [_thread_blocked, id=6877, stack(0x00007efc8c205000,0x00007efc8c306000)]
  0x00007efca00b4800 JavaThread "C2 CompilerThread0" daemon [_thread_blocked, id=6876, stack(0x00007efc8c306000,0x00007efc8c407000)]
  0x00007efca00b3000 JavaThread "Signal Dispatcher" daemon [_thread_blocked, id=6875, stack(0x00007efc8c407000,0x00007efc8c508000)]
  0x00007efca007d800 JavaThread "Finalizer" daemon [_thread_blocked, id=6864, stack(0x00007efc8cf8f000,0x00007efc8d090000)]
  0x00007efca007b800 JavaThread "Reference Handler" daemon [_thread_blocked, id=6862, stack(0x00007efc8d090000,0x00007efc8d191000)]
  0x00007efca0008800 JavaThread "main" [_thread_blocked, id=6837, stack(0x00007efca7207000,0x00007efca7308000)]

Other Threads:
=>0x00007efca0076800 VMThread [stack: 0x00007efc8d191000,0x00007efc8d292000] [id=6851]
  0x00007efca00c1000 WatcherThread [stack: 0x00007efc5feff000,0x00007efc60000000] [id=6887]

VM state:at safepoint (normal execution)

VM Mutex/Monitor currently owned by a thread:  ([mutex/lock_event])
[0x00007efca0006480] Threads_lock - owner thread: 0x00007efca0076800
[0x00007efca0006980] Heap_lock - owner thread: 0x00007efca0008800

Heap:
 PSYoungGen      total 140288K, used 14323K [0x00000000eab00000, 0x00000000f4300000, 0x0000000100000000)
  eden space 125952K, 0% used [0x00000000eab00000,0x00000000eab00000,0x00000000f2600000)
  from space 14336K, 99% used [0x00000000f2600000,0x00000000f33fce58,0x00000000f3400000)
  to   space 13312K, 0% used [0x00000000f3400000,0x00000000f3400000,0x00000000f4100000)
 ParOldGen       total 42496K, used 27733K [0x00000000c0000000, 0x00000000c2980000, 0x00000000eab00000)
  object space 42496K, 65% used [0x00000000c0000000,0x00000000c1b157b8,0x00000000c2980000)
 Metaspace       used 6553K, capacity 7480K, committed 7680K, reserved 1056768K
  class space    used 626K, capacity 688K, committed 768K, reserved 1048576K

Card table byte_map: [0x00007efca443d000,0x00007efca463e000] byte_map_base: 0x00007efca3e3d000

Marking Bits: (ParMarkBitMap*) 0x00007efca671b020
 Begin Bits: [0x00007efc8edfe000, 0x00007efc8fdfe000)
 End Bits:   [0x00007efc8fdfe000, 0x00007efc90dfe000)

Polling page: 0x00007efca7340000

CodeCache: size=245760Kb used=7969Kb max_used=7969Kb free=237790Kb
 bounds [0x00007efc91000000, 0x00007efc917d0000, 0x00007efca0000000]
 total_blobs=2428 nmethods=2160 adapters=183
 compilation: enabled

Compilation events (10 events):
Event: 5.641 Thread 0x00007efca00b9800 2354       2       com.android.dx.dex.file.DebugInfoEncoder::emitTypeIndex (45 bytes)
Event: 5.641 Thread 0x00007efca00b9800 nmethod 2354 0x00007efc917c8fd0 code [0x00007efc917c9180, 0x00007efc917c94d8]
Event: 5.641 Thread 0x00007efca00b9800 2356       2       com.android.dx.dex.file.TypeIdsSection::indexOf (23 bytes)
Event: 5.641 Thread 0x00007efca00b9800 nmethod 2356 0x00007efc917c9790 code [0x00007efc917c9920, 0x00007efc917c9b38]
Event: 5.641 Thread 0x00007efca00b9800 2357       2       com.android.dx.dex.file.TypeIdsSection::indexOf (66 bytes)
Event: 5.642 Thread 0x00007efca00b9800 nmethod 2357 0x00007efc917c9c50 code [0x00007efc917c9e60, 0x00007efc917ca538]
Event: 5.642 Thread 0x00007efca00b9800 2358       2       com.android.dx.dex.file.DebugInfoEncoder::emitLocalStart (108 bytes)
Event: 5.643 Thread 0x00007efca00b9800 nmethod 2358 0x00007efc917caa50 code [0x00007efc917cac60, 0x00007efc917cb278]
Event: 5.654 Thread 0x00007efca00b9800 2359       2       com.android.dx.dex.file.DebugInfoEncoder::emitLocalEnd (83 bytes)
Event: 5.655 Thread 0x00007efca00b9800 nmethod 2359 0x00007efc917cb890 code [0x00007efc917cba80, 0x00007efc917cc058]

GC Heap History (10 events):
Event: 1.352 GC heap after
Heap after GC invocations=2 (full 0):
 PSYoungGen      total 34304K, used 2558K [0x00000000eab00000, 0x00000000ecf00000, 0x0000000100000000)
  eden space 31744K, 0% used [0x00000000eab00000,0x00000000eab00000,0x00000000eca00000)
  from space 2560K, 99% used [0x00000000ecc80000,0x00000000eceffad8,0x00000000ecf00000)
  to   space 2560K, 0% used [0x00000000eca00000,0x00000000eca00000,0x00000000ecc80000)
 ParOldGen       total 42496K, used 4518K [0x00000000c0000000, 0x00000000c2980000, 0x00000000eab00000)
  object space 42496K, 10% used [0x00000000c0000000,0x00000000c04698a0,0x00000000c2980000)
 Metaspace       used 5649K, capacity 6768K, committed 7040K, reserved 1056768K
  class space    used 584K, capacity 616K, committed 640K, reserved 1048576K
}
Event: 1.904 GC heap before
{Heap before GC invocations=3 (full 0):
 PSYoungGen      total 34304K, used 34302K [0x00000000eab00000, 0x00000000ecf00000, 0x0000000100000000)
  eden space 31744K, 100% used [0x00000000eab00000,0x00000000eca00000,0x00000000eca00000)
  from space 2560K, 99% used [0x00000000ecc80000,0x00000000eceffad8,0x00000000ecf00000)
  to   space 2560K, 0% used [0x00000000eca00000,0x00000000eca00000,0x00000000ecc80000)
 ParOldGen       total 42496K, used 4518K [0x00000000c0000000, 0x00000000c2980000, 0x00000000eab00000)
  object space 42496K, 10% used [0x00000000c0000000,0x00000000c04698a0,0x00000000c2980000)
 Metaspace       used 5729K, capacity 6832K, committed 7040K, reserved 1056768K
  class space    used 584K, capacity 616K, committed 640K, reserved 1048576K
Event: 1.950 GC heap after
Heap after GC invocations=3 (full 0):
 PSYoungGen      total 34304K, used 2534K [0x00000000eab00000, 0x00000000eee00000, 0x0000000100000000)
  eden space 31744K, 0% used [0x00000000eab00000,0x00000000eab00000,0x00000000eca00000)
  from space 2560K, 98% used [0x00000000eca00000,0x00000000ecc79950,0x00000000ecc80000)
  to   space 2560K, 0% used [0x00000000eeb80000,0x00000000eeb80000,0x00000000eee00000)
 ParOldGen       total 42496K, used 9581K [0x00000000c0000000, 0x00000000c2980000, 0x00000000eab00000)
  object space 42496K, 22% used [0x00000000c0000000,0x00000000c095b6f8,0x00000000c2980000)
 Metaspace       used 5729K, capacity 6832K, committed 7040K, reserved 1056768K
  class space    used 584K, capacity 616K, committed 640K, reserved 1048576K
}
Event: 2.335 GC heap before
{Heap before GC invocations=4 (full 0):
 PSYoungGen      total 34304K, used 34278K [0x00000000eab00000, 0x00000000eee00000, 0x0000000100000000)
  eden space 31744K, 100% used [0x00000000eab00000,0x00000000eca00000,0x00000000eca00000)
  from space 2560K, 98% used [0x00000000eca00000,0x00000000ecc79950,0x00000000ecc80000)
  to   space 2560K, 0% used [0x00000000eeb80000,0x00000000eeb80000,0x00000000eee00000)
 ParOldGen       total 42496K, used 9581K [0x00000000c0000000, 0x00000000c2980000, 0x00000000eab00000)
  object space 42496K, 22% used [0x00000000c0000000,0x00000000c095b6f8,0x00000000c2980000)
 Metaspace       used 5756K, capacity 6832K, committed 7040K, reserved 1056768K
  class space    used 584K, capacity 616K, committed 640K, reserved 1048576K
Event: 2.398 GC heap after
Heap after GC invocations=4 (full 0):
 PSYoungGen      total 66048K, used 2552K [0x00000000eab00000, 0x00000000eee00000, 0x0000000100000000)
  eden space 63488K, 0% used [0x00000000eab00000,0x00000000eab00000,0x00000000ee900000)
  from space 2560K, 99% used [0x00000000eeb80000,0x00000000eedfe018,0x00000000eee00000)
  to   space 2560K, 0% used [0x00000000ee900000,0x00000000ee900000,0x00000000eeb80000)
 ParOldGen       total 42496K, used 14248K [0x00000000c0000000, 0x00000000c2980000, 0x00000000eab00000)
  object space 42496K, 33% used [0x00000000c0000000,0x00000000c0dea1d8,0x00000000c2980000)
 Metaspace       used 5756K, capacity 6832K, committed 7040K, reserved 1056768K
  class space    used 584K, capacity 616K, committed 640K, reserved 1048576K
}
Event: 3.056 GC heap before
{Heap before GC invocations=5 (full 0):
 PSYoungGen      total 66048K, used 66040K [0x00000000eab00000, 0x00000000eee00000, 0x0000000100000000)
  eden space 63488K, 100% used [0x00000000eab00000,0x00000000ee900000,0x00000000ee900000)
  from space 2560K, 99% used [0x00000000eeb80000,0x00000000eedfe018,0x00000000eee00000)
  to   space 2560K, 0% used [0x00000000ee900000,0x00000000ee900000,0x00000000eeb80000)
 ParOldGen       total 42496K, used 14248K [0x00000000c0000000, 0x00000000c2980000, 0x00000000eab00000)
  object space 42496K, 33% used [0x00000000c0000000,0x00000000c0dea1d8,0x00000000c2980000)
 Metaspace       used 5817K, capacity 6896K, committed 7040K, reserved 1056768K
  class space    used 585K, capacity 616K, committed 640K, reserved 1048576K
Event: 3.234 GC heap after
Heap after GC invocations=5 (full 0):
 PSYoungGen      total 66048K, used 2556K [0x00000000eab00000, 0x00000000f4100000, 0x0000000100000000)
  eden space 63488K, 0% used [0x00000000eab00000,0x00000000eab00000,0x00000000ee900000)
  from space 2560K, 99% used [0x00000000ee900000,0x00000000eeb7f2d0,0x00000000eeb80000)
  to   space 13312K, 0% used [0x00000000f3400000,0x00000000f3400000,0x00000000f4100000)
 ParOldGen       total 42496K, used 24679K [0x00000000c0000000, 0x00000000c2980000, 0x00000000eab00000)
  object space 42496K, 58% used [0x00000000c0000000,0x00000000c1819f18,0x00000000c2980000)
 Metaspace       used 5817K, capacity 6896K, committed 7040K, reserved 1056768K
  class space    used 585K, capacity 616K, committed 640K, reserved 1048576K
}
Event: 3.675 GC heap before
{Heap before GC invocations=6 (full 0):
 PSYoungGen      total 66048K, used 66044K [0x00000000eab00000, 0x00000000f4100000, 0x0000000100000000)
  eden space 63488K, 100% used [0x00000000eab00000,0x00000000ee900000,0x00000000ee900000)
  from space 2560K, 99% used [0x00000000ee900000,0x00000000eeb7f2d0,0x00000000eeb80000)
  to   space 13312K, 0% used [0x00000000f3400000,0x00000000f3400000,0x00000000f4100000)
 ParOldGen       total 42496K, used 24679K [0x00000000c0000000, 0x00000000c2980000, 0x00000000eab00000)
  object space 42496K, 58% used [0x00000000c0000000,0x00000000c1819f18,0x00000000c2980000)
 Metaspace       used 5975K, capacity 6962K, committed 7040K, reserved 1056768K
  class space    used 604K, capacity 618K, committed 640K, reserved 1048576K
Event: 3.815 GC heap after
Heap after GC invocations=6 (full 0):
 PSYoungGen      total 139264K, used 11213K [0x00000000eab00000, 0x00000000f4300000, 0x0000000100000000)
  eden space 125952K, 0% used [0x00000000eab00000,0x00000000eab00000,0x00000000f2600000)
  from space 13312K, 84% used [0x00000000f3400000,0x00000000f3ef34f8,0x00000000f4100000)
  to   space 14336K, 0% used [0x00000000f2600000,0x00000000f2600000,0x00000000f3400000)
 ParOldGen       total 42496K, used 24679K [0x00000000c0000000, 0x00000000c2980000, 0x00000000eab00000)
  object space 42496K, 58% used [0x00000000c0000000,0x00000000c1819f18,0x00000000c2980000)
 Metaspace       used 5975K, capacity 6962K, committed 7040K, reserved 1056768K
  class space    used 604K, capacity 618K, committed 640K, reserved 1048576K
}
Event: 5.656 GC heap before
{Heap before GC invocations=7 (full 0):
 PSYoungGen      total 139264K, used 137165K [0x00000000eab00000, 0x00000000f4300000, 0x0000000100000000)
  eden space 125952K, 100% used [0x00000000eab00000,0x00000000f2600000,0x00000000f2600000)
  from space 13312K, 84% used [0x00000000f3400000,0x00000000f3ef34f8,0x00000000f4100000)
  to   space 14336K, 0% used [0x00000000f2600000,0x00000000f2600000,0x00000000f3400000)
 ParOldGen       total 42496K, used 24679K [0x00000000c0000000, 0x00000000c2980000, 0x00000000eab00000)
  object space 42496K, 58% used [0x00000000c0000000,0x00000000c1819f18,0x00000000c2980000)
 Metaspace       used 6553K, capacity 7480K, committed 7680K, reserved 1056768K
  class space    used 626K, capacity 688K, committed 768K, reserved 1048576K

Deoptimization events (10 events):
Event: 3.443 Thread 0x00007efca0125000 Uncommon trap: reason=unstable_if action=reinterpret pc=0x00007efc91500d50 method=java.util.HashMap.getNode(ILjava/lang/Object;)Ljava/util/HashMap$Node; @ 84
Event: 3.602 Thread 0x00007efca0137800 Uncommon trap: reason=unstable_if action=reinterpret pc=0x00007efc913b6a48 method=com.android.dx.dex.code.OutputFinisher.hasLocalInfo(Lcom/android/dx/dex/code/DalvInsn;)Z @ 24
Event: 3.932 Thread 0x00007efca0008800 Uncommon trap: reason=unstable_if action=reinterpret pc=0x00007efc914d06b0 method=com.android.dx.ssa.SCCP.simulateStmt(Lcom/android/dx/ssa/SsaInsn;)V @ 59
Event: 4.159 Thread 0x00007efca0125000 Uncommon trap: reason=unstable_if action=reinterpret pc=0x00007efc914ca500 method=com.android.dx.ssa.MoveParamCombiner$1.visitNonMoveInsn(Lcom/android/dx/ssa/NormalSsaInsn;)V @ 27
Event: 4.670 Thread 0x00007efca0008800 Uncommon trap: reason=class_check action=maybe_recompile pc=0x00007efc91423478 method=java.util.Arrays.hashCode([Ljava/lang/Object;)I @ 43
Event: 4.670 Thread 0x00007efca0008800 Uncommon trap: reason=class_check action=maybe_recompile pc=0x00007efc91423478 method=java.util.Arrays.hashCode([Ljava/lang/Object;)I @ 43
Event: 4.670 Thread 0x00007efca0008800 Uncommon trap: reason=class_check action=maybe_recompile pc=0x00007efc91423478 method=java.util.Arrays.hashCode([Ljava/lang/Object;)I @ 43
Event: 4.670 Thread 0x00007efca0008800 Uncommon trap: reason=class_check action=maybe_recompile pc=0x00007efc91423478 method=java.util.Arrays.hashCode([Ljava/lang/Object;)I @ 43
Event: 4.670 Thread 0x00007efca0008800 Uncommon trap: reason=class_check action=maybe_recompile pc=0x00007efc913fbcb0 method=java.util.Arrays.hashCode([Ljava/lang/Object;)I @ 43
Event: 5.145 Thread 0x00007efca0008800 Uncommon trap: reason=unstable_if action=reinterpret pc=0x00007efc913371d4 method=java.util.Arrays.equals([Ljava/lang/Object;[Ljava/lang/Object;)Z @ 23

Internal exceptions (6 events):
Event: 0.044 Thread 0x00007efca0008800 Exception <a 'java/lang/NoSuchMethodError': Method sun.misc.Unsafe.defineClass(Ljava/lang/String;[BII)Ljava/lang/Class; name or signature does not match> (0x00000000eab12b88) thrown at [/HUDSON/workspace/8-2-build-linux-amd64/jdk8u66/4988/hotspot/src/shar
Event: 0.044 Thread 0x00007efca0008800 Exception <a 'java/lang/NoSuchMethodError': Method sun.misc.Unsafe.prefetchRead(Ljava/lang/Object;J)V name or signature does not match> (0x00000000eab12e70) thrown at [/HUDSON/workspace/8-2-build-linux-amd64/jdk8u66/4988/hotspot/src/share/vm/prims/jni.cpp
Event: 1.168 Thread 0x00007efca0133000 Implicit null exception at 0x00007efc9128263a to 0x00007efc91284a95
Event: 3.392 Thread 0x00007efca0137800 Exception <a 'java/lang/ArrayIndexOutOfBoundsException': 18> (0x00000000eb997f28) thrown at [/HUDSON/workspace/8-2-build-linux-amd64/jdk8u66/4988/hotspot/src/share/vm/interpreter/interpreterRuntime.cpp, line 366]
Event: 3.393 Thread 0x00007efca0137800 Exception <a 'java/lang/ArrayIndexOutOfBoundsException': 145> (0x00000000eb999aa8) thrown at [/HUDSON/workspace/8-2-build-linux-amd64/jdk8u66/4988/hotspot/src/share/vm/interpreter/interpreterRuntime.cpp, line 366]
Event: 3.394 Thread 0x00007efca0137800 Exception <a 'java/lang/ArrayIndexOutOfBoundsException': 40> (0x00000000eb99ad90) thrown at [/HUDSON/workspace/8-2-build-linux-amd64/jdk8u66/4988/hotspot/src/share/vm/interpreter/interpreterRuntime.cpp, line 366]

Events (10 events):
Event: 5.470 Thread 0x00007efca0008800 DEOPT UNPACKING pc=0x00007efc91046f73 sp=0x00007efca7306068 mode 0
Event: 5.537 Thread 0x00007efca0008800 DEOPT PACKING pc=0x00007efc91713d04 sp=0x00007efca73060b0
Event: 5.537 Thread 0x00007efca0008800 DEOPT UNPACKING pc=0x00007efc91046f73 sp=0x00007efca7305e18 mode 0
Event: 5.573 loading class com/android/dx/dex/file/DebugInfoEncoder
Event: 5.573 loading class com/android/dx/dex/file/DebugInfoEncoder done
Event: 5.588 loading class com/android/dx/dex/file/DebugInfoEncoder$1
Event: 5.588 loading class com/android/dx/dex/file/DebugInfoEncoder$1 done
Event: 5.589 loading class com/android/dx/dex/file/DebugInfoEncoder$2
Event: 5.589 loading class com/android/dx/dex/file/DebugInfoEncoder$2 done
Event: 5.656 Executing VM operation: ParallelGCFailedAllocation


Dynamic libraries:
00400000-00401000 r-xp 00000000 08:02 138743                             /usr/lib/jvm/java-8-jdk/jre/bin/java
00600000-00601000 rw-p 00000000 08:02 138743                             /usr/lib/jvm/java-8-jdk/jre/bin/java
00a23000-00a44000 rw-p 00000000 00:00 0                                  [heap]
c0000000-c2980000 rw-p 00000000 00:00 0 
c2980000-eab00000 ---p 00000000 00:00 0 
eab00000-f4300000 rw-p 00000000 00:00 0 
fc500000-100000000 ---p 00000000 00:00 0 
100000000-1000c0000 rw-p 00000000 00:00 0 
1000c0000-140000000 ---p 00000000 00:00 0 
7efc40000000-7efc40021000 rw-p 00000000 00:00 0 
7efc40021000-7efc44000000 ---p 00000000 00:00 0 
7efc44000000-7efc44021000 rw-p 00000000 00:00 0 
7efc44021000-7efc48000000 ---p 00000000 00:00 0 
7efc48000000-7efc48021000 rw-p 00000000 00:00 0 
7efc48021000-7efc4c000000 ---p 00000000 00:00 0 
7efc4c000000-7efc4c021000 rw-p 00000000 00:00 0 
7efc4c021000-7efc50000000 ---p 00000000 00:00 0 
7efc50000000-7efc50021000 rw-p 00000000 00:00 0 
7efc50021000-7efc54000000 ---p 00000000 00:00 0 
7efc54000000-7efc5403c000 rw-p 00000000 00:00 0 
7efc5403c000-7efc58000000 ---p 00000000 00:00 0 
7efc58000000-7efc58021000 rw-p 00000000 00:00 0 
7efc58021000-7efc5c000000 ---p 00000000 00:00 0 
7efc5f9d9000-7efc5f9fa000 r--p 00000000 08:02 133431                     /usr/share/locale/zh_TW/LC_MESSAGES/libc.mo
7efc5f9fa000-7efc5f9fd000 ---p 00000000 00:00 0 
7efc5f9fd000-7efc5fafb000 rw-p 00000000 00:00 0 
7efc5fafb000-7efc5fafe000 ---p 00000000 00:00 0 
7efc5fafe000-7efc5fbfc000 rw-p 00000000 00:00 0 
7efc5fbfc000-7efc5fbff000 ---p 00000000 00:00 0 
7efc5fbff000-7efc5fcfd000 rw-p 00000000 00:00 0 
7efc5fcfd000-7efc5fd00000 ---p 00000000 00:00 0 
7efc5fd00000-7efc5fdfe000 rw-p 00000000 00:00 0 
7efc5fdfe000-7efc5fe01000 ---p 00000000 00:00 0 
7efc5fe01000-7efc5feff000 rw-p 00000000 00:00 0 
7efc5feff000-7efc5ff00000 ---p 00000000 00:00 0 
7efc5ff00000-7efc60000000 rw-p 00000000 00:00 0                          [stack:6887]
7efc60000000-7efc615f0000 rw-p 00000000 00:00 0 
7efc615f0000-7efc64000000 ---p 00000000 00:00 0 
7efc64000000-7efc649f4000 rw-p 00000000 00:00 0 
7efc649f4000-7efc68000000 ---p 00000000 00:00 0 
7efc68000000-7efc68021000 rw-p 00000000 00:00 0 
7efc68021000-7efc6c000000 ---p 00000000 00:00 0 
7efc6c000000-7efc6d341000 rw-p 00000000 00:00 0 
7efc6d341000-7efc70000000 ---p 00000000 00:00 0 
7efc70000000-7efc70021000 rw-p 00000000 00:00 0 
7efc70021000-7efc74000000 ---p 00000000 00:00 0 
7efc74000000-7efc74021000 rw-p 00000000 00:00 0 
7efc74021000-7efc78000000 ---p 00000000 00:00 0 
7efc78000000-7efc78021000 rw-p 00000000 00:00 0 
7efc78021000-7efc7c000000 ---p 00000000 00:00 0 
7efc7c000000-7efc7c2bc000 rw-p 00000000 00:00 0 
7efc7c2bc000-7efc80000000 ---p 00000000 00:00 0 
7efc80000000-7efc80021000 rw-p 00000000 00:00 0 
7efc80021000-7efc84000000 ---p 00000000 00:00 0 
7efc84000000-7efc84021000 rw-p 00000000 00:00 0 
7efc84021000-7efc88000000 ---p 00000000 00:00 0 
7efc88000000-7efc88021000 rw-p 00000000 00:00 0 
7efc88021000-7efc8c000000 ---p 00000000 00:00 0 
7efc8c003000-7efc8c006000 ---p 00000000 00:00 0 
7efc8c006000-7efc8c104000 rw-p 00000000 00:00 0                          [stack:6886]
7efc8c104000-7efc8c107000 ---p 00000000 00:00 0 
7efc8c107000-7efc8c205000 rw-p 00000000 00:00 0                          [stack:6885]
7efc8c205000-7efc8c208000 ---p 00000000 00:00 0 
7efc8c208000-7efc8c306000 rw-p 00000000 00:00 0                          [stack:6877]
7efc8c306000-7efc8c309000 ---p 00000000 00:00 0 
7efc8c309000-7efc8c407000 rw-p 00000000 00:00 0                          [stack:6876]
7efc8c407000-7efc8c40a000 ---p 00000000 00:00 0 
7efc8c40a000-7efc8c508000 rw-p 00000000 00:00 0                          [stack:6875]
7efc8c508000-7efc8cf8f000 r--p 00000000 08:02 195670                     /usr/lib/locale/locale-archive
7efc8cf8f000-7efc8cf92000 ---p 00000000 00:00 0 
7efc8cf92000-7efc8d090000 rw-p 00000000 00:00 0                          [stack:6864]
7efc8d090000-7efc8d093000 ---p 00000000 00:00 0 
7efc8d093000-7efc8d191000 rw-p 00000000 00:00 0                          [stack:6862]
7efc8d191000-7efc8d192000 ---p 00000000 00:00 0 
7efc8d192000-7efc8e225000 rw-p 00000000 00:00 0                          [stack:6851]
7efc8e225000-7efc8e3fe000 r--s 03d20000 08:02 138800                     /usr/lib/jvm/java-8-jdk/jre/lib/rt.jar
7efc8e3fe000-7efc8eabe000 rw-p 00000000 00:00 0 
7efc8eabe000-7efc8ebfe000 ---p 00000000 00:00 0 
7efc8ebfe000-7efc90dfe000 rw-p 00000000 00:00 0 
7efc90dfe000-7efc90dff000 ---p 00000000 00:00 0 
7efc90dff000-7efc90eff000 rw-p 00000000 00:00 0                          [stack:6842]
7efc90eff000-7efc90f00000 ---p 00000000 00:00 0 
7efc90f00000-7efc91000000 rw-p 00000000 00:00 0                          [stack:6841]
7efc91000000-7efc917d0000 rwxp 00000000 00:00 0 
7efc917d0000-7efca0000000 ---p 00000000 00:00 0 
7efca0000000-7efca0387000 rw-p 00000000 00:00 0 
7efca0387000-7efca4000000 ---p 00000000 00:00 0 
7efca4020000-7efca40e5000 rw-p 00000000 00:00 0 
7efca40e5000-7efca40e6000 ---p 00000000 00:00 0 
7efca40e6000-7efca41e6000 rw-p 00000000 00:00 0                          [stack:6840]
7efca41e6000-7efca41e7000 ---p 00000000 00:00 0 
7efca41e7000-7efca42fc000 rw-p 00000000 00:00 0                          [stack:6839]
7efca42fc000-7efca443d000 ---p 00000000 00:00 0 
7efca443d000-7efca4452000 rw-p 00000000 00:00 0 
7efca4452000-7efca4592000 ---p 00000000 00:00 0 
7efca4592000-7efca45df000 rw-p 00000000 00:00 0 
7efca45df000-7efca463d000 ---p 00000000 00:00 0 
7efca463d000-7efca465e000 rw-p 00000000 00:00 0 
7efca465e000-7efca49fe000 ---p 00000000 00:00 0 
7efca49fe000-7efca4a18000 r-xp 00000000 08:02 140641                     /usr/lib/jvm/java-8-jdk/jre/lib/amd64/libzip.so
7efca4a18000-7efca4c18000 ---p 0001a000 08:02 140641                     /usr/lib/jvm/java-8-jdk/jre/lib/amd64/libzip.so
7efca4c18000-7efca4c19000 rw-p 0001a000 08:02 140641                     /usr/lib/jvm/java-8-jdk/jre/lib/amd64/libzip.so
7efca4c19000-7efca4c24000 r-xp 00000000 08:02 135008                     /usr/lib/libnss_files-2.22.so
7efca4c24000-7efca4e23000 ---p 0000b000 08:02 135008                     /usr/lib/libnss_files-2.22.so
7efca4e23000-7efca4e24000 r--p 0000a000 08:02 135008                     /usr/lib/libnss_files-2.22.so
7efca4e24000-7efca4e25000 rw-p 0000b000 08:02 135008                     /usr/lib/libnss_files-2.22.so
7efca4e25000-7efca4e2b000 rw-p 00000000 00:00 0 
7efca4e2b000-7efca4e55000 r-xp 00000000 08:02 140647                     /usr/lib/jvm/java-8-jdk/jre/lib/amd64/libjava.so
7efca4e55000-7efca5055000 ---p 0002a000 08:02 140647                     /usr/lib/jvm/java-8-jdk/jre/lib/amd64/libjava.so
7efca5055000-7efca5057000 rw-p 0002a000 08:02 140647                     /usr/lib/jvm/java-8-jdk/jre/lib/amd64/libjava.so
7efca5057000-7efca5064000 r-xp 00000000 08:02 140642                     /usr/lib/jvm/java-8-jdk/jre/lib/amd64/libverify.so
7efca5064000-7efca5264000 ---p 0000d000 08:02 140642                     /usr/lib/jvm/java-8-jdk/jre/lib/amd64/libverify.so
7efca5264000-7efca5266000 rw-p 0000d000 08:02 140642                     /usr/lib/jvm/java-8-jdk/jre/lib/amd64/libverify.so
7efca5266000-7efca526d000 r-xp 00000000 08:02 135017                     /usr/lib/librt-2.22.so
7efca526d000-7efca546c000 ---p 00007000 08:02 135017                     /usr/lib/librt-2.22.so
7efca546c000-7efca546d000 r--p 00006000 08:02 135017                     /usr/lib/librt-2.22.so
7efca546d000-7efca546e000 rw-p 00007000 08:02 135017                     /usr/lib/librt-2.22.so
7efca546e000-7efca556b000 r-xp 00000000 08:02 135014                     /usr/lib/libm-2.22.so
7efca556b000-7efca576a000 ---p 000fd000 08:02 135014                     /usr/lib/libm-2.22.so
7efca576a000-7efca576b000 r--p 000fc000 08:02 135014                     /usr/lib/libm-2.22.so
7efca576b000-7efca576c000 rw-p 000fd000 08:02 135014                     /usr/lib/libm-2.22.so
7efca576c000-7efca642a000 r-xp 00000000 08:02 140688                     /usr/lib/jvm/java-8-jdk/jre/lib/amd64/server/libjvm.so
7efca642a000-7efca6629000 ---p 00cbe000 08:02 140688                     /usr/lib/jvm/java-8-jdk/jre/lib/amd64/server/libjvm.so
7efca6629000-7efca6702000 rw-p 00cbd000 08:02 140688                     /usr/lib/jvm/java-8-jdk/jre/lib/amd64/server/libjvm.so
7efca6702000-7efca6746000 rw-p 00000000 00:00 0 
7efca6746000-7efca68e1000 r-xp 00000000 08:02 134956                     /usr/lib/libc-2.22.so
7efca68e1000-7efca6ae0000 ---p 0019b000 08:02 134956                     /usr/lib/libc-2.22.so
7efca6ae0000-7efca6ae4000 r--p 0019a000 08:02 134956                     /usr/lib/libc-2.22.so
7efca6ae4000-7efca6ae6000 rw-p 0019e000 08:02 134956                     /usr/lib/libc-2.22.so
7efca6ae6000-7efca6aea000 rw-p 00000000 00:00 0 
7efca6aea000-7efca6aed000 r-xp 00000000 08:02 135012                     /usr/lib/libdl-2.22.so
7efca6aed000-7efca6cec000 ---p 00003000 08:02 135012                     /usr/lib/libdl-2.22.so
7efca6cec000-7efca6ced000 r--p 00002000 08:02 135012                     /usr/lib/libdl-2.22.so
7efca6ced000-7efca6cee000 rw-p 00003000 08:02 135012                     /usr/lib/libdl-2.22.so
7efca6cee000-7efca6d03000 r-xp 00000000 08:02 140687                     /usr/lib/jvm/java-8-jdk/jre/lib/amd64/jli/libjli.so
7efca6d03000-7efca6f03000 ---p 00015000 08:02 140687                     /usr/lib/jvm/java-8-jdk/jre/lib/amd64/jli/libjli.so
7efca6f03000-7efca6f04000 rw-p 00015000 08:02 140687                     /usr/lib/jvm/java-8-jdk/jre/lib/amd64/jli/libjli.so
7efca6f04000-7efca6f1c000 r-xp 00000000 08:02 134925                     /usr/lib/libpthread-2.22.so
7efca6f1c000-7efca711b000 ---p 00018000 08:02 134925                     /usr/lib/libpthread-2.22.so
7efca711b000-7efca711c000 r--p 00017000 08:02 134925                     /usr/lib/libpthread-2.22.so
7efca711c000-7efca711d000 rw-p 00018000 08:02 134925                     /usr/lib/libpthread-2.22.so
7efca711d000-7efca7121000 rw-p 00000000 00:00 0 
7efca7121000-7efca7143000 r-xp 00000000 08:02 134955                     /usr/lib/ld-2.22.so
7efca7163000-7efca7207000 rw-p 00000000 00:00 0 
7efca7207000-7efca720a000 ---p 00000000 00:00 0 
7efca720a000-7efca730c000 rw-p 00000000 00:00 0                          [stack:6837]
7efca7313000-7efca7314000 rw-p 00000000 00:00 0 
7efca7314000-7efca7323000 r--s 000df000 08:03 1976130                    /home/shana/Android/Sdk/build-tools/23.0.1/lib/dx.jar
7efca7323000-7efca7337000 rw-p 00000000 00:00 0 
7efca7337000-7efca733f000 rw-s 00000000 00:22 676132                     /tmp/hsperfdata_shana/6824
7efca733f000-7efca7340000 rw-p 00000000 00:00 0 
7efca7340000-7efca7341000 ---p 00000000 00:00 0 
7efca7341000-7efca7342000 rw-p 00000000 00:00 0 
7efca7342000-7efca7343000 r--p 00021000 08:02 134955                     /usr/lib/ld-2.22.so
7efca7343000-7efca7344000 rw-p 00022000 08:02 134955                     /usr/lib/ld-2.22.so
7efca7344000-7efca7345000 rw-p 00000000 00:00 0 
7fff5c37d000-7fff5c39e000 rw-p 00000000 00:00 0                          [stack]
7fff5c3d7000-7fff5c3d9000 r--p 00000000 00:00 0                          [vvar]
7fff5c3d9000-7fff5c3db000 r-xp 00000000 00:00 0                          [vdso]
ffffffffff600000-ffffffffff601000 r-xp 00000000 00:00 0                  [vsyscall]

VM Arguments:
jvm_args: -Djava.awt.headless=true -Xmx1024M -Dfile.encoding=UTF-8 -Duser.country=TW -Duser.language=zh -Duser.variant 
java_command: com.android.dx.command.Main --dex --num-threads=4 --output /home/shana/AndroidStudioProjects/Chat/app/build/intermediates/pre-dexed/debug/com.android.support-appcompat-v7-23.1.1_43fdc472eaa5189ad996e2b10505bf76ef1d44d9.jar /home/shana/AndroidStudioProjects/Chat/app/build/intermediates/exploded-aar/com.android.support/appcompat-v7/23.1.1/jars/classes.jar
java_class_path (initial): /home/shana/Android/Sdk/build-tools/23.0.1/lib/dx.jar
Launcher Type: SUN_STANDARD

Environment Variables:
PATH=/usr/local/sbin:/usr/local/bin:/usr/bin:/usr/lib/jvm/default/bin:/usr/bin/site_perl:/usr/bin/vendor_perl:/usr/bin/core_perl:/home/shana/bin
LD_LIBRARY_PATH=/opt/android-studio/bin:
SHELL=/bin/bash
DISPLAY=:0.0

Signal Handlers:
SIGSEGV: [libjvm.so+0xaba2a0], sa_mask[0]=11111111011111111101111111111110, sa_flags=SA_RESTART|SA_SIGINFO
SIGBUS: [libjvm.so+0xaba2a0], sa_mask[0]=11111111011111111101111111111110, sa_flags=SA_RESTART|SA_SIGINFO
SIGFPE: [libjvm.so+0x917710], sa_mask[0]=11111111011111111101111111111110, sa_flags=SA_RESTART|SA_SIGINFO
SIGPIPE: [libjvm.so+0x917710], sa_mask[0]=11111111011111111101111111111110, sa_flags=SA_RESTART|SA_SIGINFO
SIGXFSZ: [libjvm.so+0x917710], sa_mask[0]=11111111011111111101111111111110, sa_flags=SA_RESTART|SA_SIGINFO
SIGILL: [libjvm.so+0x917710], sa_mask[0]=11111111011111111101111111111110, sa_flags=SA_RESTART|SA_SIGINFO
SIGUSR1: SIG_DFL, sa_mask[0]=00000000000000000000000000000000, sa_flags=none
SIGUSR2: [libjvm.so+0x918d40], sa_mask[0]=00100000000000000000000000000000, sa_flags=SA_RESTART|SA_SIGINFO
SIGHUP: [libjvm.so+0x91a140], sa_mask[0]=11111111011111111101111111111110, sa_flags=SA_RESTART|SA_SIGINFO
SIGINT: [libjvm.so+0x91a140], sa_mask[0]=11111111011111111101111111111110, sa_flags=SA_RESTART|SA_SIGINFO
SIGTERM: [libjvm.so+0x91a140], sa_mask[0]=11111111011111111101111111111110, sa_flags=SA_RESTART|SA_SIGINFO
SIGQUIT: [libjvm.so+0x91a140], sa_mask[0]=11111111011111111101111111111110, sa_flags=SA_RESTART|SA_SIGINFO


---------------  S Y S T E M  ---------------

OS:NAME="Arch Linux"
ID=arch
PRETTY_NAME="Arch Linux"
ANSI_COLOR="0;36"
HOME_URL="https://www.archlinux.org/"
SUPPORT_URL="https://bbs.archlinux.org/"
BUG_REPORT_URL="https://bugs.archlinux.org/"


uname:Linux 4.2.5-1-ARCH #1 SMP PREEMPT Tue Oct 27 08:13:28 CET 2015 x86_64
libc:glibc 2.22 NPTL 2.22 
rlimit: STACK 8192k, CORE 0k, NPROC 15804, NOFILE 4096, AS infinity
load average:2.29 0.98 0.65

/proc/meminfo:
MemTotal:        4051432 kB
MemFree:           33828 kB
MemAvailable:     120484 kB
Buffers:            2384 kB
Cached:            82024 kB
SwapCached:            0 kB
Active:          3799980 kB
Inactive:          43780 kB
Active(anon):    3761072 kB
Inactive(anon):     3072 kB
Active(file):      38908 kB
Inactive(file):    40708 kB
Unevictable:           0 kB
Mlocked:               0 kB
SwapTotal:             0 kB
SwapFree:              0 kB
Dirty:              1076 kB
Writeback:             0 kB
AnonPages:       3759704 kB
Mapped:            49508 kB
Shmem:              4548 kB
Slab:              62324 kB
SReclaimable:      36788 kB
SUnreclaim:        25536 kB
KernelStack:        7600 kB
PageTables:        19216 kB
NFS_Unstable:          0 kB
Bounce:                0 kB
WritebackTmp:          0 kB
CommitLimit:     2025716 kB
Committed_AS:    4820404 kB
VmallocTotal:   34359738367 kB
VmallocUsed:      144148 kB
VmallocChunk:   34359537660 kB
HardwareCorrupted:     0 kB
AnonHugePages:    647168 kB
HugePages_Total:       0
HugePages_Free:        0
HugePages_Rsvd:        0
HugePages_Surp:        0
Hugepagesize:       2048 kB
DirectMap4k:      194048 kB
DirectMap2M:     3999744 kB


CPU:total 4 (4 cores per cpu, 1 threads per core) family 6 model 23 stepping 10, cmov, cx8, fxsr, mmx, sse, sse2, sse3, ssse3, sse4.1, tsc

/proc/cpuinfo:
processor	: 0
vendor_id	: GenuineIntel
cpu family	: 6
model		: 23
model name	: Intel(R) Core(TM)2 Quad CPU    Q9550  @ 2.83GHz
stepping	: 10
microcode	: 0xa07
cpu MHz		: 2833.235
cache size	: 6144 KB
physical id	: 0
siblings	: 4
core id		: 0
cpu cores	: 4
apicid		: 0
initial apicid	: 0
fpu		: yes
fpu_exception	: yes
cpuid level	: 13
wp		: yes
flags		: fpu vme de pse tsc msr pae mce cx8 apic sep mtrr pge mca cmov pat pse36 clflush dts acpi mmx fxsr sse sse2 ss ht tm pbe syscall nx lm constant_tsc arch_perfmon pebs bts rep_good nopl aperfmperf pni dtes64 monitor ds_cpl vmx smx est tm2 ssse3 cx16 xtpr pdcm sse4_1 xsave lahf_lm dtherm tpr_shadow vnmi flexpriority
bugs		:
bogomips	: 5668.57
clflush size	: 64
cache_alignment	: 64
address sizes	: 36 bits physical, 48 bits virtual
power management:

processor	: 1
vendor_id	: GenuineIntel
cpu family	: 6
model		: 23
model name	: Intel(R) Core(TM)2 Quad CPU    Q9550  @ 2.83GHz
stepping	: 10
microcode	: 0xa07
cpu MHz		: 2833.235
cache size	: 6144 KB
physical id	: 0
siblings	: 4
core id		: 1
cpu cores	: 4
apicid		: 1
initial apicid	: 1
fpu		: yes
fpu_exception	: yes
cpuid level	: 13
wp		: yes
flags		: fpu vme de pse tsc msr pae mce cx8 apic sep mtrr pge mca cmov pat pse36 clflush dts acpi mmx fxsr sse sse2 ss ht tm pbe syscall nx lm constant_tsc arch_perfmon pebs bts rep_good nopl aperfmperf pni dtes64 monitor ds_cpl vmx smx est tm2 ssse3 cx16 xtpr pdcm sse4_1 xsave lahf_lm dtherm tpr_shadow vnmi flexpriority
bugs		:
bogomips	: 5668.57
clflush size	: 64
cache_alignment	: 64
address sizes	: 36 bits physical, 48 bits virtual
power management:

processor	: 2
vendor_id	: GenuineIntel
cpu family	: 6
model		: 23
model name	: Intel(R) Core(TM)2 Quad CPU    Q9550  @ 2.83GHz
stepping	: 10
microcode	: 0xa07
cpu MHz		: 2833.235
cache size	: 6144 KB
physical id	: 0
siblings	: 4
core id		: 2
cpu cores	: 4
apicid		: 2
initial apicid	: 2
fpu		: yes
fpu_exception	: yes
cpuid level	: 13
wp		: yes
flags		: fpu vme de pse tsc msr pae mce cx8 apic sep mtrr pge mca cmov pat pse36 clflush dts acpi mmx fxsr sse sse2 ss ht tm pbe syscall nx lm constant_tsc arch_perfmon pebs bts rep_good nopl aperfmperf pni dtes64 monitor ds_cpl vmx smx est tm2 ssse3 cx16 xtpr pdcm sse4_1 xsave lahf_lm dtherm tpr_shadow vnmi flexpriority
bugs		:
bogomips	: 5668.57
clflush size	: 64
cache_alignment	: 64
address sizes	: 36 bits physical, 48 bits virtual
power management:

processor	: 3
vendor_id	: GenuineIntel
cpu family	: 6
model		: 23
model name	: Intel(R) Core(TM)2 Quad CPU    Q9550  @ 2.83GHz
stepping	: 10
microcode	: 0xa07
cpu MHz		: 2833.235
cache size	: 6144 KB
physical id	: 0
siblings	: 4
core id		: 3
cpu cores	: 4
apicid		: 3
initial apicid	: 3
fpu		: yes
fpu_exception	: yes
cpuid level	: 13
wp		: yes
flags		: fpu vme de pse tsc msr pae mce cx8 apic sep mtrr pge mca cmov pat pse36 clflush dts acpi mmx fxsr sse sse2 ss ht tm pbe syscall nx lm constant_tsc arch_perfmon pebs bts rep_good nopl aperfmperf pni dtes64 monitor ds_cpl vmx smx est tm2 ssse3 cx16 xtpr pdcm sse4_1 xsave lahf_lm dtherm tpr_shadow vnmi flexpriority
bugs		:
bogomips	: 5668.57
clflush size	: 64
cache_alignment	: 64
address sizes	: 36 bits physical, 48 bits virtual
power management:



Memory: 4k page, physical 4051432k(33828k free), swap 0k(0k free)

vm_info: Java HotSpot(TM) 64-Bit Server VM (25.66-b17) for linux-amd64 JRE (1.8.0_66-b17), built on Oct  6 2015 17:28:34 by "java_re" with gcc 4.3.0 20080428 (Red Hat 4.3.0-8)

time: Wed Dec  9 14:26:50 2015
elapsed time: 5 seconds (0d 0h 0m 5s)

